#
# There is insufficient memory for the Java Runtime Environment to continue.
# Native memory allocation (mmap) failed to map 268435456 bytes for Failed to commit area from 0x0000000701000000 to 0x0000000711000000 of length 268435456.
# Possible reasons:
#   The system is out of physical RAM or swap space
#   The process is running with CompressedOops enabled, and the Java Heap may be blocking the growth of the native heap
# Possible solutions:
#   Reduce memory load on the system
#   Increase physical memory or swap space
#   Check if swap backing store is full
#   Decrease Java heap size (-Xmx/-Xms)
#   Decrease number of Java threads
#   Decrease Java thread stack sizes (-Xss)
#   Set larger code cache with -XX:ReservedCodeCacheSize=
# This output file may be truncated or incomplete.
#
#  Out of Memory Error (./src/hotspot/os/windows/os_windows.cpp:3521), pid=13784, tid=12116
#
# JRE version:  (11.0.12+7) (build )
# Java VM: OpenJDK 64-Bit Server VM (11.0.12+7-b1504.28-7817840, mixed mode, sharing, tiered, compressed oops, g1 gc, windows-amd64)
# No core dump will be written. Minidumps are not enabled by default on client versions of Windows
#

---------------  S U M M A R Y ------------

Command Line: org.jetbrains.kotlin.cli.jvm.K2JVMCompiler @D:\Home\RestaurantManagement\app\build\20221222_11754949758658212269.compiler.options

Host: Intel(R) Core(TM) i5-9400F CPU @ 2.90GHz, 6 cores, 15G,  Windows 10 , 64 bit Build 19041 (10.0.19041.2364)
Time: Thu Dec 22 19:35:01 2022 SE Asia Standard Time elapsed time: 0.008282 seconds (0d 0h 0m 0s)

---------------  T H R E A D  ---------------

Current thread (0x0000015b0207a000):  JavaThread "Unknown thread" [_thread_in_vm, id=12116, stack(0x0000001c22200000,0x0000001c22300000)]

Stack: [0x0000001c22200000,0x0000001c22300000]
Native frames: (J=compiled Java code, j=interpreted, Vv=VM code, C=native code)
V  [jvm.dll+0x5fbcea]
V  [jvm.dll+0x731905]
V  [jvm.dll+0x732f1d]
V  [jvm.dll+0x7335d3]
V  [jvm.dll+0x247bf8]
V  [jvm.dll+0x5f90b4]
V  [jvm.dll+0x5edc85]
V  [jvm.dll+0x305aeb]
V  [jvm.dll+0x305a5a]
V  [jvm.dll+0x305932]
V  [jvm.dll+0x30a896]
V  [jvm.dll+0x353803]
V  [jvm.dll+0x353f06]
V  [jvm.dll+0x353903]
V  [jvm.dll+0x2e0678]
V  [jvm.dll+0x2e1827]
V  [jvm.dll+0x710037]
V  [jvm.dll+0x71182c]
V  [jvm.dll+0x360da9]
V  [jvm.dll+0x6f390e]
V  [jvm.dll+0x3c9723]
V  [jvm.dll+0x3cb9b1]
C  [jli.dll+0x536b]
C  [ucrtbase.dll+0x21bb2]
C  [KERNEL32.DLL+0x17614]
C  [ntdll.dll+0x526a1]


---------------  P R O C E S S  ---------------

Threads class SMR info:
_java_thread_list=0x0000015b01fa31a0, length=0, elements={
}

Java Threads: ( => current thread )

Other Threads:
  0x0000015b040b8000 GCTaskThread "GC Thread#0" [stack: 0x0000001c22300000,0x0000001c22400000] [id=13188]
  0x0000015b04114000 ConcurrentGCThread "G1 Main Marker" [stack: 0x0000001c22400000,0x0000001c22500000] [id=7712]
  0x0000015b04116800 ConcurrentGCThread "G1 Conc#0" [stack: 0x0000001c22500000,0x0000001c22600000] [id=8644]

[error occurred during error reporting (printing all threads), id 0xc0000005, EXCEPTION_ACCESS_VIOLATION (0xc0000005) at pc=0x00007ffd24970be7]

VM state:not at safepoint (not fully initialized)

VM Mutex/Monitor currently owned by a thread:  ([mutex/lock_event])
[0x0000015b040a1110] Heap_lock - owner thread: 0x0000015b0207a000

Heap address: 0x0000000701000000, size: 4080 MB, Compressed Oops mode: Non-zero based: 0x0000000701000000
Narrow klass base: 0x0000000000000000, Narrow klass shift: 0

GC Heap History (0 events):
No events

Deoptimization events (0 events):
No events

Classes redefined (0 events):
No events

Internal exceptions (0 events):
No events

Events (1 events):
Event: 0.005 Loaded shared library C:\Program Files\Android\Android Studio\jre\bin\zip.dll


Dynamic libraries:
0x00007ff6b7440000 - 0x00007ff6b744a000 	C:\Program Files\Android\Android Studio\jre\bin\java.exe
0x00007ffd8f7b0000 - 0x00007ffd8f9a8000 	C:\WINDOWS\SYSTEM32\ntdll.dll
0x00007ffd5b940000 - 0x00007ffd5b957000 	C:\Program Files\AVG\Antivirus\aswhook.dll
0x00007ffd8f5e0000 - 0x00007ffd8f69f000 	C:\WINDOWS\System32\KERNEL32.DLL
0x00007ffd8cea0000 - 0x00007ffd8d172000 	C:\WINDOWS\System32\KERNELBASE.dll
0x00007ffd8d6c0000 - 0x00007ffd8d7c0000 	C:\WINDOWS\System32\ucrtbase.dll
0x00007ffd73e70000 - 0x00007ffd73e89000 	C:\Program Files\Android\Android Studio\jre\bin\jli.dll
0x00007ffd6f220000 - 0x00007ffd6f237000 	C:\Program Files\Android\Android Studio\jre\bin\VCRUNTIME140.dll
0x00007ffd8ead0000 - 0x00007ffd8ec71000 	C:\WINDOWS\System32\USER32.dll
0x00007ffd8d4c0000 - 0x00007ffd8d4e2000 	C:\WINDOWS\System32\win32u.dll
0x00007ffd76bd0000 - 0x00007ffd76e6a000 	C:\WINDOWS\WinSxS\amd64_microsoft.windows.common-controls_6595b64144ccf1df_6.0.19041.1110_none_60b5254171f9507e\COMCTL32.dll
0x00007ffd8ee80000 - 0x00007ffd8eeab000 	C:\WINDOWS\System32\GDI32.dll
0x00007ffd8da60000 - 0x00007ffd8dafe000 	C:\WINDOWS\System32\msvcrt.dll
0x00007ffd8d260000 - 0x00007ffd8d36f000 	C:\WINDOWS\System32\gdi32full.dll
0x00007ffd8d420000 - 0x00007ffd8d4bd000 	C:\WINDOWS\System32\msvcp_win.dll
0x00007ffd8d820000 - 0x00007ffd8d852000 	C:\WINDOWS\System32\IMM32.DLL
0x00007ffd207f0000 - 0x00007ffd2088d000 	C:\Program Files\Android\Android Studio\jre\bin\msvcp140.dll
0x00007ffd24680000 - 0x00007ffd25165000 	C:\Program Files\Android\Android Studio\jre\bin\server\jvm.dll
0x00007ffd8e970000 - 0x00007ffd8ea1e000 	C:\WINDOWS\System32\ADVAPI32.dll
0x00007ffd8ea30000 - 0x00007ffd8eacc000 	C:\WINDOWS\System32\sechost.dll
0x00007ffd8f3c0000 - 0x00007ffd8f4e5000 	C:\WINDOWS\System32\RPCRT4.dll
0x00007ffd8d940000 - 0x00007ffd8d948000 	C:\WINDOWS\System32\PSAPI.DLL
0x00007ffd74d30000 - 0x00007ffd74d39000 	C:\WINDOWS\SYSTEM32\WSOCK32.dll
0x00007ffd819c0000 - 0x00007ffd819e7000 	C:\WINDOWS\SYSTEM32\WINMM.dll
0x00007ffd8ee10000 - 0x00007ffd8ee7b000 	C:\WINDOWS\System32\WS2_32.dll
0x00007ffd88120000 - 0x00007ffd8812a000 	C:\WINDOWS\SYSTEM32\VERSION.dll
0x00007ffd8aca0000 - 0x00007ffd8acb2000 	C:\WINDOWS\SYSTEM32\kernel.appcore.dll
0x00007ffd81a40000 - 0x00007ffd81a51000 	C:\Program Files\Android\Android Studio\jre\bin\verify.dll
0x00007ffd781c0000 - 0x00007ffd783a4000 	C:\WINDOWS\SYSTEM32\DBGHELP.DLL
0x00007ffd78140000 - 0x00007ffd78175000 	C:\WINDOWS\SYSTEM32\dbgcore.DLL
0x00007ffd8d1d0000 - 0x00007ffd8d252000 	C:\WINDOWS\System32\bcryptPrimitives.dll
0x00007ffd71170000 - 0x00007ffd71199000 	C:\Program Files\Android\Android Studio\jre\bin\java.dll
0x00007ffd88b50000 - 0x00007ffd88b5b000 	C:\Program Files\Android\Android Studio\jre\bin\jimage.dll
0x00007ffd72960000 - 0x00007ffd72978000 	C:\Program Files\Android\Android Studio\jre\bin\zip.dll

dbghelp: loaded successfully - version: 4.0.5 - missing functions: none
symbol engine: initialized successfully - sym options: 0x614 - pdb path: .;C:\Program Files\Android\Android Studio\jre\bin;C:\WINDOWS\SYSTEM32;C:\Program Files\AVG\Antivirus;C:\WINDOWS\WinSxS\amd64_microsoft.windows.common-controls_6595b64144ccf1df_6.0.19041.1110_none_60b5254171f9507e;C:\Program Files\Android\Android Studio\jre\bin\server

VM Arguments:
java_command: org.jetbrains.kotlin.cli.jvm.K2JVMCompiler @D:\Home\RestaurantManagement\app\build\20221222_11754949758658212269.compiler.options
java_class_path (initial): C:\Users\ADMIN\.gradle\caches\modules-2\files-2.1\org.jetbrains.kotlin\kotlin-compiler-embeddable\1.6.10\88f2073f4020cdb83132cfe940ceb9a60aba54ea\kotlin-compiler-embeddable-1.6.10.jar;C:\Users\ADMIN\.gradle\caches\modules-2\files-2.1\org.jetbrains.kotlin\kotlin-reflect\1.6.10\1cbe9c92c12a94eea200d23c2bbaedaf3daf5132\kotlin-reflect-1.6.10.jar;C:\Users\ADMIN\.gradle\caches\modules-2\files-2.1\org.jetbrains.kotlin\kotlin-stdlib\1.6.10\b8af3fe6f1ca88526914929add63cf5e7c5049af\kotlin-stdlib-1.6.10.jar;C:\Users\ADMIN\.gradle\caches\modules-2\files-2.1\org.jetbrains.kotlin\kotlin-script-runtime\1.6.10\d0a7ff2e2500ef497ed0214ae40ad3c8387a6164\kotlin-script-runtime-1.6.10.jar;C:\Users\ADMIN\.gradle\caches\modules-2\files-2.1\org.jetbrains.kotlin\kotlin-daemon-embeddable\1.6.10\a56d79bcbea411fa6058e4ecffc2de73e742bd2a\kotlin-daemon-embeddable-1.6.10.jar;C:\Users\ADMIN\.gradle\caches\modules-2\files-2.1\org.jetbrains.intellij.deps\trove4j\1.0.20181211\216c2e14b070f334479d800987affe4054cd563f\trove4j-1.0.20181211.jar;C:\Users\ADMIN\.gradle\caches\modules-2\files-2.1\net.java.dev.jna\jna\5.6.0\330f2244e9030119ab3030fc3fededc86713d9cc\jna-5.6.0.jar;C:\Users\ADMIN\.gradle\caches\modules-2\files-2.1\org.jetbrains\annotations\13.0\919f0dfe192fb4e063e7dacadee7f8bb9a2672a9\annotations-13.0.jar;C:\Users\ADMIN\.gradle\caches\modules-2\files-2.1\org.jetbrains.kotlin\kotlin-stdlib-common\1.6.10\c118700e3a33c8a0d9adc920e9dec0831171925\kotlin-stdlib-common-1.6.10.jar
Launcher Type: SUN_STANDARD

[Global flags]
     intx CICompilerCount                          = 3                                         {product} {ergonomic}
     uint ConcGCThreads                            = 2                                         {product} {ergonomic}
     uint G1ConcRefinementThreads                  = 6                                         {product} {ergonomic}
   size_t G1HeapRegionSize                         = 1048576                                   {product} {ergonomic}
    uintx GCDrainStackTargetSize                   = 64                                        {product} {ergonomic}
   size_t InitialHeapSize                          = 268435456                                 {product} {ergonomic}
   size_t MarkStackSize                            = 4194304                                   {product} {ergonomic}
   size_t MaxHeapSize                              = 4278190080                                {product} {ergonomic}
   size_t MinHeapDeltaBytes                        = 1048576                                   {product} {ergonomic}
    uintx NonNMethodCodeHeapSize                   = 5830732                                {pd product} {ergonomic}
    uintx NonProfiledCodeHeapSize                  = 122913754                              {pd product} {ergonomic}
    uintx ProfiledCodeHeapSize                     = 122913754                              {pd product} {ergonomic}
    uintx ReservedCodeCacheSize                    = 251658240                              {pd product} {ergonomic}
     bool SegmentedCodeCache                       = true                                      {product} {ergonomic}
     bool UseCompressedClassPointers               = true                                 {lp64_product} {ergonomic}
     bool UseCompressedOops                        = true                                 {lp64_product} {ergonomic}
     bool UseG1GC                                  = true                                      {product} {ergonomic}
     bool UseLargePagesIndividualAllocation        = false                                  {pd product} {ergonomic}

Logging:
Log output configuration:
 #0: stdout all=warning uptime,level,tags
 #1: stderr all=off uptime,level,tags

Environment Variables:
JAVA_HOME=C:\Program Files\Java\jdk1.8.0_261
PATH=C:\Program Files (x86)\Common Files\Oracle\Java\javapath;C:\WINDOWS\system32;C:\WINDOWS;C:\WINDOWS\System32\Wbem;C:\WINDOWS\System32\WindowsPowerShell\v1.0\;C:\WINDOWS\System32\OpenSSH\;C:\Program Files\Java\jdk1.8.0_261\bin;C:\Users\ADMIN\AppData\Local\Android\Sdk\platform-tools;C:\Program Files\dotnet\;C:\Program Files (x86)\dotnet\;C:\Program Files\Git\cmd;C:\Program Files\nodejs\;C:\Users\ADMIN\AppData\Local\Programs\Python\Python310\Scripts\;C:\Users\ADMIN\AppData\Local\Programs\Python\Python310\;C:\Users\ADMIN\AppData\Local\Microsoft\WindowsApps;C:\Users\ADMIN\.dotnet\tools;C:\Users\ADMIN\AppData\Local\Programs\Microsoft VS Code\bin;C:\Users\ADMIN\AppData\Roaming\npm
USERNAME=Bui Tu
OS=Windows_NT
PROCESSOR_IDENTIFIER=Intel64 Family 6 Model 158 Stepping 10, GenuineIntel



---------------  S Y S T E M  ---------------

OS: Windows 10 , 64 bit Build 19041 (10.0.19041.2364)
OS uptime: 0 days 11:26 hours

CPU:total 6 (initial active 6) (6 cores per cpu, 1 threads per core) family 6 model 158 stepping 10 microcode 0xb4, cmov, cx8, fxsr, mmx, sse, sse2, sse3, ssse3, sse4.1, sse4.2, popcnt, avx, avx2, aes, clmul, erms, 3dnowpref, lzcnt, tsc, tscinvbit, bmi1, bmi2, adx, fma

Memory: 4k page, system-wide physical 16319M (3745M free)
TotalPageFile size 19156M (AvailPageFile size 137M)
current process WorkingSet (physical memory assigned to process): 10M, peak: 10M
current process commit charge ("private bytes"): 56M, peak: 312M

vm_info: OpenJDK 64-Bit Server VM (11.0.12+7-b1504.28-7817840) for windows-amd64 JRE (11.0.12+7-b1504.28-7817840), built on Oct 13 2021 22:12:33 by "builder" with MS VC++ 14.0 (VS2015)

END.
