#
# There is insufficient memory for the Java Runtime Environment to continue.
# Native memory allocation (mmap) failed to map 268435456 bytes for Failed to commit area from 0x0000000701000000 to 0x0000000711000000 of length 268435456.
# Possible reasons:
#   The system is out of physical RAM or swap space
#   The process is running with CompressedOops enabled, and the Java Heap may be blocking the growth of the native heap
# Possible solutions:
#   Reduce memory load on the system
#   Increase physical memory or swap space
#   Check if swap backing store is full
#   Decrease Java heap size (-Xmx/-Xms)
#   Decrease number of Java threads
#   Decrease Java thread stack sizes (-Xss)
#   Set larger code cache with -XX:ReservedCodeCacheSize=
# This output file may be truncated or incomplete.
#
#  Out of Memory Error (./src/hotspot/os/windows/os_windows.cpp:3521), pid=9952, tid=15476
#
# JRE version:  (11.0.12+7) (build )
# Java VM: OpenJDK 64-Bit Server VM (11.0.12+7-b1504.28-7817840, mixed mode, sharing, tiered, compressed oops, g1 gc, windows-amd64)
# No core dump will be written. Minidumps are not enabled by default on client versions of Windows
#

---------------  S U M M A R Y ------------

Command Line: git4idea.http.GitAskPassApp Username for 'https://github.com': 

Host: Intel(R) Core(TM) i5-9400F CPU @ 2.90GHz, 6 cores, 15G,  Windows 10 , 64 bit Build 19041 (10.0.19041.1889)
Time: Fri Nov 11 17:13:32 2022 SE Asia Standard Time elapsed time: 0.008474 seconds (0d 0h 0m 0s)

---------------  T H R E A D  ---------------

Current thread (0x00000249e07cc000):  JavaThread "Unknown thread" [_thread_in_vm, id=15476, stack(0x0000007da3300000,0x0000007da3400000)]

Stack: [0x0000007da3300000,0x0000007da3400000]
Native frames: (J=compiled Java code, j=interpreted, Vv=VM code, C=native code)
V  [jvm.dll+0x5fbcea]
V  [jvm.dll+0x731905]
V  [jvm.dll+0x732f1d]
V  [jvm.dll+0x7335d3]
V  [jvm.dll+0x247bf8]
V  [jvm.dll+0x5f90b4]
V  [jvm.dll+0x5edc85]
V  [jvm.dll+0x305aeb]
V  [jvm.dll+0x305a5a]
V  [jvm.dll+0x305932]
V  [jvm.dll+0x30a896]
V  [jvm.dll+0x353803]
V  [jvm.dll+0x353f06]
V  [jvm.dll+0x353903]
V  [jvm.dll+0x2e0678]
V  [jvm.dll+0x2e1827]
V  [jvm.dll+0x710037]
V  [jvm.dll+0x71182c]
V  [jvm.dll+0x360da9]
V  [jvm.dll+0x6f390e]
V  [jvm.dll+0x3c9723]
V  [jvm.dll+0x3cb9b1]
C  [jli.dll+0x536b]
C  [ucrtbase.dll+0x21bb2]
C  [KERNEL32.DLL+0x17034]
C  [ntdll.dll+0x526a1]


---------------  P R O C E S S  ---------------

Threads class SMR info:
_java_thread_list=0x00000249e06f1ba0, length=0, elements={
}

Java Threads: ( => current thread )

Other Threads:
  0x00000249e288a000 GCTaskThread "GC Thread#0" [stack: 0x0000007da3400000,0x0000007da3500000] [id=9440]
  0x00000249e28e7800 ConcurrentGCThread "G1 Main Marker" [stack: 0x0000007da3500000,0x0000007da3600000] [id=16096]
  0x00000249e28ea000 ConcurrentGCThread "G1 Conc#0" [stack: 0x0000007da3600000,0x0000007da3700000] [id=1336]

[error occurred during error reporting (printing all threads), id 0xc0000005, EXCEPTION_ACCESS_VIOLATION (0xc0000005) at pc=0x00007ffb15260be7]

VM state:not at safepoint (not fully initialized)

VM Mutex/Monitor currently owned by a thread:  ([mutex/lock_event])
[0x00000249e2872ff0] Heap_lock - owner thread: 0x00000249e07cc000

Heap address: 0x0000000701000000, size: 4080 MB, Compressed Oops mode: Non-zero based: 0x0000000701000000
Narrow klass base: 0x0000000000000000, Narrow klass shift: 0

GC Heap History (0 events):
No events

Deoptimization events (0 events):
No events

Classes redefined (0 events):
No events

Internal exceptions (0 events):
No events

Events (1 events):
Event: 0.005 Loaded shared library C:\Program Files\Android\Android Studio\jre\bin\zip.dll


Dynamic libraries:
0x00007ff7a8f20000 - 0x00007ff7a8f2a000 	C:\Program Files\Android\Android Studio\jre\bin\java.exe
0x00007ffb68bb0000 - 0x00007ffb68da8000 	C:\WINDOWS\SYSTEM32\ntdll.dll
0x00007ffb360f0000 - 0x00007ffb36107000 	C:\Program Files\Avast Software\Avast\aswhook.dll
0x00007ffb67620000 - 0x00007ffb676dd000 	C:\WINDOWS\System32\KERNEL32.DLL
0x00007ffb66710000 - 0x00007ffb669e2000 	C:\WINDOWS\System32\KERNELBASE.dll
0x00007ffb66a40000 - 0x00007ffb66b40000 	C:\WINDOWS\System32\ucrtbase.dll
0x00007ffb44230000 - 0x00007ffb44249000 	C:\Program Files\Android\Android Studio\jre\bin\jli.dll
0x00007ffb3c790000 - 0x00007ffb3c7a7000 	C:\Program Files\Android\Android Studio\jre\bin\VCRUNTIME140.dll
0x00007ffb67280000 - 0x00007ffb6741d000 	C:\WINDOWS\System32\USER32.dll
0x00007ffb66560000 - 0x00007ffb66582000 	C:\WINDOWS\System32\win32u.dll
0x00007ffb4faf0000 - 0x00007ffb4fd8a000 	C:\WINDOWS\WinSxS\amd64_microsoft.windows.common-controls_6595b64144ccf1df_6.0.19041.1110_none_60b5254171f9507e\COMCTL32.dll
0x00007ffb67520000 - 0x00007ffb6754b000 	C:\WINDOWS\System32\GDI32.dll
0x00007ffb66600000 - 0x00007ffb6670f000 	C:\WINDOWS\System32\gdi32full.dll
0x00007ffb67550000 - 0x00007ffb675ee000 	C:\WINDOWS\System32\msvcrt.dll
0x00007ffb66b40000 - 0x00007ffb66bdd000 	C:\WINDOWS\System32\msvcp_win.dll
0x00007ffb67250000 - 0x00007ffb67280000 	C:\WINDOWS\System32\IMM32.DLL
0x00007ffb0b570000 - 0x00007ffb0b60d000 	C:\Program Files\Android\Android Studio\jre\bin\msvcp140.dll
0x00007ffb14f70000 - 0x00007ffb15a55000 	C:\Program Files\Android\Android Studio\jre\bin\server\jvm.dll
0x00007ffb66c10000 - 0x00007ffb66cbe000 	C:\WINDOWS\System32\ADVAPI32.dll
0x00007ffb67480000 - 0x00007ffb6751c000 	C:\WINDOWS\System32\sechost.dll
0x00007ffb688f0000 - 0x00007ffb68a15000 	C:\WINDOWS\System32\RPCRT4.dll
0x00007ffb68a80000 - 0x00007ffb68a88000 	C:\WINDOWS\System32\PSAPI.DLL
0x00007ffb4ef20000 - 0x00007ffb4ef29000 	C:\WINDOWS\SYSTEM32\WSOCK32.dll
0x00007ffb61380000 - 0x00007ffb6138a000 	C:\WINDOWS\SYSTEM32\VERSION.dll
0x00007ffb52490000 - 0x00007ffb524b7000 	C:\WINDOWS\SYSTEM32\WINMM.dll
0x00007ffb676e0000 - 0x00007ffb6774b000 	C:\WINDOWS\System32\WS2_32.dll
0x00007ffb640c0000 - 0x00007ffb640d2000 	C:\WINDOWS\SYSTEM32\kernel.appcore.dll
0x00007ffb4a4d0000 - 0x00007ffb4a4e1000 	C:\Program Files\Android\Android Studio\jre\bin\verify.dll
0x00007ffb51030000 - 0x00007ffb51214000 	C:\WINDOWS\SYSTEM32\DBGHELP.DLL
0x00007ffb50f50000 - 0x00007ffb50f7c000 	C:\WINDOWS\SYSTEM32\dbgcore.DLL
0x00007ffb66370000 - 0x00007ffb663f2000 	C:\WINDOWS\System32\bcryptPrimitives.dll
0x00007ffb4a4a0000 - 0x00007ffb4a4c9000 	C:\Program Files\Android\Android Studio\jre\bin\java.dll
0x00007ffb5b7c0000 - 0x00007ffb5b7cb000 	C:\Program Files\Android\Android Studio\jre\bin\jimage.dll
0x00007ffb4a480000 - 0x00007ffb4a498000 	C:\Program Files\Android\Android Studio\jre\bin\zip.dll

dbghelp: loaded successfully - version: 4.0.5 - missing functions: none
symbol engine: initialized successfully - sym options: 0x614 - pdb path: .;C:\Program Files\Android\Android Studio\jre\bin;C:\WINDOWS\SYSTEM32;C:\Program Files\Avast Software\Avast;C:\WINDOWS\WinSxS\amd64_microsoft.windows.common-controls_6595b64144ccf1df_6.0.19041.1110_none_60b5254171f9507e;C:\Program Files\Android\Android Studio\jre\bin\server

VM Arguments:
java_command: git4idea.http.GitAskPassApp Username for 'https://github.com': 
java_class_path (initial): C:/Program Files/Android/Android Studio/plugins/git4idea/lib/git4idea-rt.jar;C:/Program Files/Android/Android Studio/lib/xmlrpc-2.0.1.jar;C:/Program Files/Android/Android Studio/lib/commons-codec-1.15.jar
Launcher Type: SUN_STANDARD

[Global flags]
     intx CICompilerCount                          = 3                                         {product} {ergonomic}
     uint ConcGCThreads                            = 2                                         {product} {ergonomic}
     uint G1ConcRefinementThreads                  = 6                                         {product} {ergonomic}
   size_t G1HeapRegionSize                         = 1048576                                   {product} {ergonomic}
    uintx GCDrainStackTargetSize                   = 64                                        {product} {ergonomic}
   size_t InitialHeapSize                          = 268435456                                 {product} {ergonomic}
   size_t MarkStackSize                            = 4194304                                   {product} {ergonomic}
   size_t MaxHeapSize                              = 4278190080                                {product} {ergonomic}
   size_t MinHeapDeltaBytes                        = 1048576                                   {product} {ergonomic}
    uintx NonNMethodCodeHeapSize                   = 5830732                                {pd product} {ergonomic}
    uintx NonProfiledCodeHeapSize                  = 122913754                              {pd product} {ergonomic}
    uintx ProfiledCodeHeapSize                     = 122913754                              {pd product} {ergonomic}
    uintx ReservedCodeCacheSize                    = 251658240                              {pd product} {ergonomic}
     bool SegmentedCodeCache                       = true                                      {product} {ergonomic}
     bool UseCompressedClassPointers               = true                                 {lp64_product} {ergonomic}
     bool UseCompressedOops                        = true                                 {lp64_product} {ergonomic}
     bool UseG1GC                                  = true                                      {product} {ergonomic}
     bool UseLargePagesIndividualAllocation        = false                                  {pd product} {ergonomic}

Logging:
Log output configuration:
 #0: stdout all=warning uptime,level,tags
 #1: stderr all=off uptime,level,tags

Environment Variables:
JAVA_HOME=C:\Program Files\Java\jdk1.8.0_261
PATH=C:/Program Files/Git/mingw64/libexec/git-core;C:/Program Files/Git/mingw64/libexec/git-core;C:\Program Files\Git\mingw64\bin;C:\Program Files\Git\usr\bin;C:\Users\ADMIN\bin;C:\Program Files (x86)\Common Files\Oracle\Java\javapath;C:\WINDOWS\system32;C:\WINDOWS;C:\WINDOWS\System32\Wbem;C:\WINDOWS\System32\WindowsPowerShell\v1.0\;C:\WINDOWS\System32\OpenSSH\;C:\Program Files\Java\jdk1.8.0_261\bin;C:\Users\ADMIN\AppData\Local\Android\Sdk\platform-tools;C:\Program Files\dotnet\;C:\Program Files (x86)\dotnet\;C:\Program Files\Git\cmd;C:\Program Files\nodejs\;C:\Users\ADMIN\AppData\Local\Programs\Python\Python310\Scripts\;C:\Users\ADMIN\AppData\Local\Programs\Python\Python310\;C:\Users\ADMIN\AppData\Local\Microsoft\WindowsApps;C:\Users\ADMIN\.dotnet\tools;C:\Users\ADMIN\AppData\Local\Programs\Microsoft VS Code\bin;C:\Users\ADMIN\AppData\Roaming\npm
USERNAME=Bui Tu
DISPLAY=:0.0
LC_ALL=en_US.UTF-8
OS=Windows_NT
PROCESSOR_IDENTIFIER=Intel64 Family 6 Model 158 Stepping 10, GenuineIntel



---------------  S Y S T E M  ---------------

OS: Windows 10 , 64 bit Build 19041 (10.0.19041.1889)
OS uptime: 0 days 9:08 hours

CPU:total 6 (initial active 6) (6 cores per cpu, 1 threads per core) family 6 model 158 stepping 10 microcode 0xb4, cmov, cx8, fxsr, mmx, sse, sse2, sse3, ssse3, sse4.1, sse4.2, popcnt, avx, avx2, aes, clmul, erms, 3dnowpref, lzcnt, tsc, tscinvbit, bmi1, bmi2, adx, fma

Memory: 4k page, system-wide physical 16319M (3002M free)
TotalPageFile size 19254M (AvailPageFile size 185M)
current process WorkingSet (physical memory assigned to process): 10M, peak: 10M
current process commit charge ("private bytes"): 56M, peak: 312M

vm_info: OpenJDK 64-Bit Server VM (11.0.12+7-b1504.28-7817840) for windows-amd64 JRE (11.0.12+7-b1504.28-7817840), built on Oct 13 2021 22:12:33 by "builder" with MS VC++ 14.0 (VS2015)

END.
