#
# There is insufficient memory for the Java Runtime Environment to continue.
# Native memory allocation (mmap) failed to map 268435456 bytes for Failed to commit area from 0x0000000701000000 to 0x0000000711000000 of length 268435456.
# Possible reasons:
#   The system is out of physical RAM or swap space
#   The process is running with CompressedOops enabled, and the Java Heap may be blocking the growth of the native heap
# Possible solutions:
#   Reduce memory load on the system
#   Increase physical memory or swap space
#   Check if swap backing store is full
#   Decrease Java heap size (-Xmx/-Xms)
#   Decrease number of Java threads
#   Decrease Java thread stack sizes (-Xss)
#   Set larger code cache with -XX:ReservedCodeCacheSize=
# This output file may be truncated or incomplete.
#
#  Out of Memory Error (./src/hotspot/os/windows/os_windows.cpp:3521), pid=6992, tid=19496
#
# JRE version:  (11.0.12+7) (build )
# Java VM: OpenJDK 64-Bit Server VM (11.0.12+7-b1504.28-7817840, mixed mode, sharing, tiered, compressed oops, g1 gc, windows-amd64)
# No core dump will be written. Minidumps are not enabled by default on client versions of Windows
#

---------------  S U M M A R Y ------------

Command Line: git4idea.http.GitAskPassApp Username for 'https://github.com': 

Host: Intel(R) Core(TM) i5-9400F CPU @ 2.90GHz, 6 cores, 15G,  Windows 10 , 64 bit Build 19041 (10.0.19041.1889)
Time: Wed Nov  9 17:45:36 2022 SE Asia Standard Time elapsed time: 0.007909 seconds (0d 0h 0m 0s)

---------------  T H R E A D  ---------------

Current thread (0x000002e8c8dd1800):  JavaThread "Unknown thread" [_thread_in_vm, id=19496, stack(0x000000e90ba00000,0x000000e90bb00000)]

Stack: [0x000000e90ba00000,0x000000e90bb00000]
Native frames: (J=compiled Java code, j=interpreted, Vv=VM code, C=native code)
V  [jvm.dll+0x5fbcea]
V  [jvm.dll+0x731905]
V  [jvm.dll+0x732f1d]
V  [jvm.dll+0x7335d3]
V  [jvm.dll+0x247bf8]
V  [jvm.dll+0x5f90b4]
V  [jvm.dll+0x5edc85]
V  [jvm.dll+0x305aeb]
V  [jvm.dll+0x305a5a]
V  [jvm.dll+0x305932]
V  [jvm.dll+0x30a896]
V  [jvm.dll+0x353803]
V  [jvm.dll+0x353f06]
V  [jvm.dll+0x353903]
V  [jvm.dll+0x2e0678]
V  [jvm.dll+0x2e1827]
V  [jvm.dll+0x710037]
V  [jvm.dll+0x71182c]
V  [jvm.dll+0x360da9]
V  [jvm.dll+0x6f390e]
V  [jvm.dll+0x3c9723]
V  [jvm.dll+0x3cb9b1]
C  [jli.dll+0x536b]
C  [ucrtbase.dll+0x21bb2]
C  [KERNEL32.DLL+0x17034]
C  [ntdll.dll+0x526a1]


---------------  P R O C E S S  ---------------

Threads class SMR info:
_java_thread_list=0x000002e8c6bb0f40, length=0, elements={
}

Java Threads: ( => current thread )

Other Threads:
  0x000002e8c8de9800 GCTaskThread "GC Thread#0" [stack: 0x000000e90bb00000,0x000000e90bc00000] [id=21440]
  0x000002e8c8e47000 ConcurrentGCThread "G1 Main Marker" [stack: 0x000000e90bc00000,0x000000e90bd00000] [id=20784]
  0x000002e8c8e49000 ConcurrentGCThread "G1 Conc#0" [stack: 0x000000e90bd00000,0x000000e90be00000] [id=19300]

[error occurred during error reporting (printing all threads), id 0xc0000005, EXCEPTION_ACCESS_VIOLATION (0xc0000005) at pc=0x00007fff6b510be7]

VM state:not at safepoint (not fully initialized)

VM Mutex/Monitor currently owned by a thread:  ([mutex/lock_event])
[0x000002e8c8dcf2f0] Heap_lock - owner thread: 0x000002e8c8dd1800

Heap address: 0x0000000701000000, size: 4080 MB, Compressed Oops mode: Non-zero based: 0x0000000701000000
Narrow klass base: 0x0000000000000000, Narrow klass shift: 0

GC Heap History (0 events):
No events

Deoptimization events (0 events):
No events

Classes redefined (0 events):
No events

Internal exceptions (0 events):
No events

Events (1 events):
Event: 0.005 Loaded shared library C:\Program Files\Android\Android Studio\jre\bin\zip.dll


Dynamic libraries:
0x00007ff6fbe10000 - 0x00007ff6fbe1a000 	C:\Program Files\Android\Android Studio\jre\bin\java.exe
0x00007fffcb630000 - 0x00007fffcb828000 	C:\WINDOWS\SYSTEM32\ntdll.dll
0x00007fff98c30000 - 0x00007fff98c47000 	C:\Program Files\Avast Software\Avast\aswhook.dll
0x00007fffca0d0000 - 0x00007fffca18d000 	C:\WINDOWS\System32\KERNEL32.DLL
0x00007fffc8fb0000 - 0x00007fffc9282000 	C:\WINDOWS\System32\KERNELBASE.dll
0x00007fffc93a0000 - 0x00007fffc94a0000 	C:\WINDOWS\System32\ucrtbase.dll
0x00007fffacb20000 - 0x00007fffacb39000 	C:\Program Files\Android\Android Studio\jre\bin\jli.dll
0x00007fffab6e0000 - 0x00007fffab6f7000 	C:\Program Files\Android\Android Studio\jre\bin\VCRUNTIME140.dll
0x00007fffcb450000 - 0x00007fffcb5ed000 	C:\WINDOWS\System32\USER32.dll
0x00007fffc8e20000 - 0x00007fffc8e42000 	C:\WINDOWS\System32\win32u.dll
0x00007fffb93a0000 - 0x00007fffb963a000 	C:\WINDOWS\WinSxS\amd64_microsoft.windows.common-controls_6595b64144ccf1df_6.0.19041.1110_none_60b5254171f9507e\COMCTL32.dll
0x00007fffc98f0000 - 0x00007fffc991b000 	C:\WINDOWS\System32\GDI32.dll
0x00007fffcb1e0000 - 0x00007fffcb27e000 	C:\WINDOWS\System32\msvcrt.dll
0x00007fffc9580000 - 0x00007fffc968f000 	C:\WINDOWS\System32\gdi32full.dll
0x00007fffc9300000 - 0x00007fffc939d000 	C:\WINDOWS\System32\msvcp_win.dll
0x00007fffca1a0000 - 0x00007fffca1d0000 	C:\WINDOWS\System32\IMM32.DLL
0x00007fffa72e0000 - 0x00007fffa737d000 	C:\Program Files\Android\Android Studio\jre\bin\msvcp140.dll
0x00007fff6b220000 - 0x00007fff6bd05000 	C:\Program Files\Android\Android Studio\jre\bin\server\jvm.dll
0x00007fffcb2e0000 - 0x00007fffcb38e000 	C:\WINDOWS\System32\ADVAPI32.dll
0x00007fffca030000 - 0x00007fffca0cc000 	C:\WINDOWS\System32\sechost.dll
0x00007fffc9f00000 - 0x00007fffca025000 	C:\WINDOWS\System32\RPCRT4.dll
0x00007fffcae10000 - 0x00007fffcae18000 	C:\WINDOWS\System32\PSAPI.DLL
0x00007fffb8440000 - 0x00007fffb8449000 	C:\WINDOWS\SYSTEM32\WSOCK32.dll
0x00007fffba860000 - 0x00007fffba887000 	C:\WINDOWS\SYSTEM32\WINMM.dll
0x00007fffc3da0000 - 0x00007fffc3daa000 	C:\WINDOWS\SYSTEM32\VERSION.dll
0x00007fffc9920000 - 0x00007fffc998b000 	C:\WINDOWS\System32\WS2_32.dll
0x00007fffc6b40000 - 0x00007fffc6b52000 	C:\WINDOWS\SYSTEM32\kernel.appcore.dll
0x00007fff9c650000 - 0x00007fff9c661000 	C:\Program Files\Android\Android Studio\jre\bin\verify.dll
0x00007fffb3cd0000 - 0x00007fffb3eb4000 	C:\WINDOWS\SYSTEM32\DBGHELP.DLL
0x00007fffb3ca0000 - 0x00007fffb3ccc000 	C:\WINDOWS\SYSTEM32\dbgcore.DLL
0x00007fffc94a0000 - 0x00007fffc9522000 	C:\WINDOWS\System32\bcryptPrimitives.dll
0x00007fff9c620000 - 0x00007fff9c649000 	C:\Program Files\Android\Android Studio\jre\bin\java.dll
0x00007fffa70a0000 - 0x00007fffa70ab000 	C:\Program Files\Android\Android Studio\jre\bin\jimage.dll
0x00007fff9c600000 - 0x00007fff9c618000 	C:\Program Files\Android\Android Studio\jre\bin\zip.dll

dbghelp: loaded successfully - version: 4.0.5 - missing functions: none
symbol engine: initialized successfully - sym options: 0x614 - pdb path: .;C:\Program Files\Android\Android Studio\jre\bin;C:\WINDOWS\SYSTEM32;C:\Program Files\Avast Software\Avast;C:\WINDOWS\WinSxS\amd64_microsoft.windows.common-controls_6595b64144ccf1df_6.0.19041.1110_none_60b5254171f9507e;C:\Program Files\Android\Android Studio\jre\bin\server

VM Arguments:
java_command: git4idea.http.GitAskPassApp Username for 'https://github.com': 
java_class_path (initial): C:/Program Files/Android/Android Studio/plugins/git4idea/lib/git4idea-rt.jar;C:/Program Files/Android/Android Studio/lib/xmlrpc-2.0.1.jar;C:/Program Files/Android/Android Studio/lib/commons-codec-1.15.jar
Launcher Type: SUN_STANDARD

[Global flags]
     intx CICompilerCount                          = 3                                         {product} {ergonomic}
     uint ConcGCThreads                            = 2                                         {product} {ergonomic}
     uint G1ConcRefinementThreads                  = 6                                         {product} {ergonomic}
   size_t G1HeapRegionSize                         = 1048576                                   {product} {ergonomic}
    uintx GCDrainStackTargetSize                   = 64                                        {product} {ergonomic}
   size_t InitialHeapSize                          = 268435456                                 {product} {ergonomic}
   size_t MarkStackSize                            = 4194304                                   {product} {ergonomic}
   size_t MaxHeapSize                              = 4278190080                                {product} {ergonomic}
   size_t MinHeapDeltaBytes                        = 1048576                                   {product} {ergonomic}
    uintx NonNMethodCodeHeapSize                   = 5830732                                {pd product} {ergonomic}
    uintx NonProfiledCodeHeapSize                  = 122913754                              {pd product} {ergonomic}
    uintx ProfiledCodeHeapSize                     = 122913754                              {pd product} {ergonomic}
    uintx ReservedCodeCacheSize                    = 251658240                              {pd product} {ergonomic}
     bool SegmentedCodeCache                       = true                                      {product} {ergonomic}
     bool UseCompressedClassPointers               = true                                 {lp64_product} {ergonomic}
     bool UseCompressedOops                        = true                                 {lp64_product} {ergonomic}
     bool UseG1GC                                  = true                                      {product} {ergonomic}
     bool UseLargePagesIndividualAllocation        = false                                  {pd product} {ergonomic}

Logging:
Log output configuration:
 #0: stdout all=warning uptime,level,tags
 #1: stderr all=off uptime,level,tags

Environment Variables:
JAVA_HOME=C:\Program Files\Java\jdk1.8.0_261
PATH=C:/Program Files/Git/mingw64/libexec/git-core;C:/Program Files/Git/mingw64/libexec/git-core;C:\Program Files\Git\mingw64\bin;C:\Program Files\Git\usr\bin;C:\Users\ADMIN\bin;C:\Program Files (x86)\Common Files\Oracle\Java\javapath;C:\WINDOWS\system32;C:\WINDOWS;C:\WINDOWS\System32\Wbem;C:\WINDOWS\System32\WindowsPowerShell\v1.0\;C:\WINDOWS\System32\OpenSSH\;C:\Program Files\Git\usr\bin;C:\Program Files\Git\bin;C:\Program Files\Java\jdk1.8.0_261\bin;C:\Users\ADMIN\AppData\Local\Android\Sdk\platform-tools;C:\Program Files\dotnet\;C:\Program Files (x86)\dotnet\;C:\Users\ADMIN\AppData\Local\Programs\Python\Python310\Scripts\;C:\Users\ADMIN\AppData\Local\Programs\Python\Python310\;C:\Users\ADMIN\AppData\Local\Microsoft\WindowsApps;C:\Users\ADMIN\.dotnet\tools
USERNAME=Bui Tu
DISPLAY=:0.0
LC_ALL=en_US.UTF-8
OS=Windows_NT
PROCESSOR_IDENTIFIER=Intel64 Family 6 Model 158 Stepping 10, GenuineIntel



---------------  S Y S T E M  ---------------

OS: Windows 10 , 64 bit Build 19041 (10.0.19041.1889)
OS uptime: 0 days 9:37 hours

CPU:total 6 (initial active 6) (6 cores per cpu, 1 threads per core) family 6 model 158 stepping 10 microcode 0xb4, cmov, cx8, fxsr, mmx, sse, sse2, sse3, ssse3, sse4.1, sse4.2, popcnt, avx, avx2, aes, clmul, erms, 3dnowpref, lzcnt, tsc, tscinvbit, bmi1, bmi2, adx, fma

Memory: 4k page, system-wide physical 16319M (4649M free)
TotalPageFile size 19254M (AvailPageFile size 94M)
current process WorkingSet (physical memory assigned to process): 10M, peak: 10M
current process commit charge ("private bytes"): 56M, peak: 312M

vm_info: OpenJDK 64-Bit Server VM (11.0.12+7-b1504.28-7817840) for windows-amd64 JRE (11.0.12+7-b1504.28-7817840), built on Oct 13 2021 22:12:33 by "builder" with MS VC++ 14.0 (VS2015)

END.
